<?xml version="1.0" encoding="UTF-8"?>
<!-- Generated by org.testng.reporters.JUnitReportReporter -->
<testsuite hostname="DESKTOP-QOT5JMG" failures="0" tests="5" name="com.sauce.test.SauceLoginTest_TestNG" time="25.215" errors="0" timestamp="2024-10-19T14:12:37 IST" skipped="0">
  <testcase classname="com.sauce.test.SauceLoginTest_TestNG" name="LaunchUrl" time="12.175"/>
  <system-out/>
  <testcase classname="com.sauce.test.SauceLoginTest_TestNG" name="DoLogin" time="3.497"/>
  <system-out/>
  <testcase classname="com.sauce.test.SauceLoginTest_TestNG" name="Home" time="0.236"/>
  <system-out/>
  <testcase classname="com.sauce.test.SauceLoginTest_TestNG" name="Lougout" time="4.214"/>
  <system-out/>
  <testcase classname="com.sauce.test.SauceLoginTest_TestNG" name="TearDown" time="5.093"/>
  <system-out/>
</testsuite> <!-- com.sauce.test.SauceLoginTest_TestNG -->
