<?xml version="1.0" encoding="UTF-8"?>
<!-- Generated by org.testng.reporters.JUnitReportReporter -->
<testsuite hostname="DESKTOP-QOT5JMG" failures="0" tests="5" name="com.sauce.test.SauceLoginTest" time="24.240" errors="0" timestamp="2024-10-19T14:07:07 IST" skipped="0">
  <testcase classname="com.sauce.test.SauceLoginTest" name="LaunchUrl" time="11.989"/>
  <system-out/>
  <testcase classname="com.sauce.test.SauceLoginTest" name="DoLogin" time="3.477"/>
  <system-out/>
  <testcase classname="com.sauce.test.SauceLoginTest" name="Home" time="0.226"/>
  <system-out/>
  <testcase classname="com.sauce.test.SauceLoginTest" name="Lougout" time="4.222"/>
  <system-out/>
  <testcase classname="com.sauce.test.SauceLoginTest" name="TearDown" time="4.326"/>
  <system-out/>
</testsuite> <!-- com.sauce.test.SauceLoginTest -->
