<?xml version="1.0" encoding="UTF-8"?>
<!-- Generated by org.testng.reporters.JUnitReportReporter -->
<testsuite hostname="DESKTOP-QOT5JMG" failures="0" tests="5" name="com.mytests.SampleTest" time="24.469" errors="0" timestamp="2024-10-19T13:12:13 IST" skipped="0">
  <testcase classname="com.mytests.SampleTest" name="LaunchUrl" time="10.179"/>
  <system-out/>
  <testcase classname="com.mytests.SampleTest" name="doLogin" time="5.445"/>
  <system-out/>
  <testcase classname="com.mytests.SampleTest" name="HomeTest" time="0.262"/>
  <system-out/>
  <testcase classname="com.mytests.SampleTest" name="LougoutTest" time="4.194"/>
  <system-out/>
  <testcase classname="com.mytests.SampleTest" name="teardown" time="4.389"/>
  <system-out/>
</testsuite> <!-- com.mytests.SampleTest -->
