<?xml version="1.0" encoding="UTF-8"?>
<!-- Generated by org.testng.reporters.JUnitReportReporter -->
<testsuite hostname="DESKTOP-QOT5JMG" failures="0" tests="5" name="com.sauce.test.SauceDemoTest" time="21.700" errors="0" timestamp="2024-10-19T13:43:52 IST" skipped="0">
  <testcase classname="com.sauce.test.SauceDemoTest" name="LaunchUrl" time="7.446"/>
  <system-out/>
  <testcase classname="com.sauce.test.SauceDemoTest" name="DoLogin" time="5.423"/>
  <system-out/>
  <testcase classname="com.sauce.test.SauceDemoTest" name="Home" time="0.205"/>
  <system-out/>
  <testcase classname="com.sauce.test.SauceDemoTest" name="Lougout" time="4.248"/>
  <system-out/>
  <testcase classname="com.sauce.test.SauceDemoTest" name="TearDown" time="4.378"/>
  <system-out/>
</testsuite> <!-- com.sauce.test.SauceDemoTest -->
